mode: set
cheat-go/pkg/notes/manager.go:31.59,32.51 1 1
cheat-go/pkg/notes/manager.go:32.51,34.3 1 0
cheat-go/pkg/notes/manager.go:36.2,41.39 2 1
cheat-go/pkg/notes/manager.go:41.39,43.3 1 0
cheat-go/pkg/notes/manager.go:45.2,45.16 1 1
cheat-go/pkg/notes/manager.go:48.42,51.54 2 1
cheat-go/pkg/notes/manager.go:51.54,53.3 1 1
cheat-go/pkg/notes/manager.go:55.2,56.16 2 1
cheat-go/pkg/notes/manager.go:56.16,58.3 1 0
cheat-go/pkg/notes/manager.go:60.2,61.53 2 1
cheat-go/pkg/notes/manager.go:61.53,63.3 1 0
cheat-go/pkg/notes/manager.go:65.2,65.29 1 1
cheat-go/pkg/notes/manager.go:65.29,67.3 1 1
cheat-go/pkg/notes/manager.go:69.2,69.12 1 1
cheat-go/pkg/notes/manager.go:72.42,76.32 3 1
cheat-go/pkg/notes/manager.go:76.32,78.3 1 1
cheat-go/pkg/notes/manager.go:80.2,81.16 2 1
cheat-go/pkg/notes/manager.go:81.16,83.3 1 0
cheat-go/pkg/notes/manager.go:85.2,85.60 1 1
cheat-go/pkg/notes/manager.go:85.60,87.3 1 0
cheat-go/pkg/notes/manager.go:89.2,89.12 1 1
cheat-go/pkg/notes/manager.go:92.53,96.19 3 1
cheat-go/pkg/notes/manager.go:96.19,98.3 1 1
cheat-go/pkg/notes/manager.go:100.2,100.44 1 1
cheat-go/pkg/notes/manager.go:100.44,102.3 1 1
cheat-go/pkg/notes/manager.go:104.2,108.23 4 1
cheat-go/pkg/notes/manager.go:111.58,116.13 4 1
cheat-go/pkg/notes/manager.go:116.13,118.3 1 1
cheat-go/pkg/notes/manager.go:120.2,120.18 1 1
cheat-go/pkg/notes/manager.go:123.71,128.13 4 1
cheat-go/pkg/notes/manager.go:128.13,130.3 1 0
cheat-go/pkg/notes/manager.go:132.2,137.23 5 1
cheat-go/pkg/notes/manager.go:140.52,144.40 3 1
cheat-go/pkg/notes/manager.go:144.40,146.3 1 1
cheat-go/pkg/notes/manager.go:148.2,149.23 2 1
cheat-go/pkg/notes/manager.go:152.73,158.32 4 1
cheat-go/pkg/notes/manager.go:158.32,159.40 1 1
cheat-go/pkg/notes/manager.go:159.40,160.12 1 1
cheat-go/pkg/notes/manager.go:162.3,162.34 1 1
cheat-go/pkg/notes/manager.go:165.2,167.49 2 1
cheat-go/pkg/notes/manager.go:167.49,169.3 1 0
cheat-go/pkg/notes/manager.go:171.2,171.21 1 1
cheat-go/pkg/notes/manager.go:174.53,179.32 4 1
cheat-go/pkg/notes/manager.go:179.32,181.3 1 1
cheat-go/pkg/notes/manager.go:183.2,184.19 2 1
cheat-go/pkg/notes/manager.go:187.87,192.13 4 1
cheat-go/pkg/notes/manager.go:192.13,194.3 1 0
cheat-go/pkg/notes/manager.go:196.2,199.23 3 1
cheat-go/pkg/notes/manager.go:202.87,207.13 4 1
cheat-go/pkg/notes/manager.go:207.13,209.3 1 0
cheat-go/pkg/notes/manager.go:211.2,211.63 1 1
cheat-go/pkg/notes/manager.go:211.63,213.3 1 1
cheat-go/pkg/notes/manager.go:215.2,218.23 3 1
cheat-go/pkg/notes/manager.go:221.56,226.13 4 1
cheat-go/pkg/notes/manager.go:226.13,228.3 1 0
cheat-go/pkg/notes/manager.go:230.2,233.23 3 1
cheat-go/pkg/notes/manager.go:236.67,241.32 4 1
cheat-go/pkg/notes/manager.go:241.32,243.3 1 1
cheat-go/pkg/notes/manager.go:245.2,245.16 1 1
cheat-go/pkg/notes/manager.go:246.14,247.45 1 1
cheat-go/pkg/notes/manager.go:248.21,249.29 1 1
cheat-go/pkg/notes/manager.go:250.24,251.38 1 1
cheat-go/pkg/notes/manager.go:252.10,253.31 1 1
cheat-go/pkg/notes/manager.go:257.70,260.16 2 1
cheat-go/pkg/notes/manager.go:261.14,262.54 1 1
cheat-go/pkg/notes/manager.go:262.54,264.4 1 0
cheat-go/pkg/notes/manager.go:265.21,266.54 1 0
cheat-go/pkg/notes/manager.go:266.54,268.4 1 0
cheat-go/pkg/notes/manager.go:269.10,270.26 1 0
cheat-go/pkg/notes/manager.go:273.2,276.29 3 1
cheat-go/pkg/notes/manager.go:276.29,277.20 1 1
cheat-go/pkg/notes/manager.go:277.20,279.4 1 0
cheat-go/pkg/notes/manager.go:280.3,280.46 1 1
cheat-go/pkg/notes/manager.go:280.46,282.4 1 1
cheat-go/pkg/notes/manager.go:285.2,285.23 1 1
cheat-go/pkg/notes/manager.go:288.64,289.22 1 1
cheat-go/pkg/notes/manager.go:289.22,292.60 2 1
cheat-go/pkg/notes/manager.go:292.60,294.4 1 1
cheat-go/pkg/notes/manager.go:297.2,297.56 1 1
cheat-go/pkg/notes/manager.go:297.56,299.3 1 1
cheat-go/pkg/notes/manager.go:301.2,301.59 1 1
cheat-go/pkg/notes/manager.go:301.59,303.3 1 1
cheat-go/pkg/notes/manager.go:305.2,305.44 1 1
cheat-go/pkg/notes/manager.go:305.44,307.3 1 1
cheat-go/pkg/notes/manager.go:309.2,309.24 1 1
cheat-go/pkg/notes/manager.go:309.24,311.39 2 1
cheat-go/pkg/notes/manager.go:311.39,312.38 1 1
cheat-go/pkg/notes/manager.go:312.38,313.29 1 1
cheat-go/pkg/notes/manager.go:313.29,315.11 2 1
cheat-go/pkg/notes/manager.go:318.4,318.14 1 1
cheat-go/pkg/notes/manager.go:318.14,319.10 1 1
cheat-go/pkg/notes/manager.go:322.3,322.14 1 1
cheat-go/pkg/notes/manager.go:322.14,324.4 1 1
cheat-go/pkg/notes/manager.go:327.2,327.13 1 1
cheat-go/pkg/notes/manager.go:330.46,331.16 1 1
cheat-go/pkg/notes/manager.go:332.15,333.41 1 1
cheat-go/pkg/notes/manager.go:333.41,335.4 1 1
cheat-go/pkg/notes/manager.go:336.20,337.41 1 1
cheat-go/pkg/notes/manager.go:337.41,339.4 1 1
cheat-go/pkg/notes/manager.go:340.24,341.41 1 1
cheat-go/pkg/notes/manager.go:341.41,343.4 1 1
cheat-go/pkg/notes/manager.go:347.45,352.29 3 1
cheat-go/pkg/notes/manager.go:352.29,353.22 1 1
cheat-go/pkg/notes/manager.go:353.22,355.4 1 1
cheat-go/pkg/notes/manager.go:356.3,358.25 2 1
cheat-go/pkg/notes/manager.go:358.25,360.4 1 0
cheat-go/pkg/notes/manager.go:361.3,361.26 1 1
cheat-go/pkg/notes/manager.go:361.26,363.4 1 0
cheat-go/pkg/notes/manager.go:364.3,364.25 1 1
cheat-go/pkg/notes/manager.go:364.25,366.4 1 1
cheat-go/pkg/notes/manager.go:368.3,370.30 2 1
cheat-go/pkg/notes/manager.go:370.30,372.44 2 1
cheat-go/pkg/notes/manager.go:372.44,374.5 1 1
cheat-go/pkg/notes/manager.go:377.3,379.41 1 1
cheat-go/pkg/notes/manager.go:382.2,382.28 1 1
cheat-go/pkg/notes/manager.go:385.26,387.2 1 1
cheat-go/pkg/notes/manager.go:389.24,390.11 1 0
cheat-go/pkg/notes/manager.go:390.11,392.3 1 0
cheat-go/pkg/notes/manager.go:393.2,393.10 1 0
cheat-go/pkg/notes/manager.go:403.71,409.2 1 1
cheat-go/pkg/notes/manager.go:411.52,416.16 4 1
cheat-go/pkg/notes/manager.go:416.16,418.3 1 0
cheat-go/pkg/notes/manager.go:420.2,421.16 2 1
cheat-go/pkg/notes/manager.go:421.16,423.3 1 0
cheat-go/pkg/notes/manager.go:425.2,426.25 2 1
cheat-go/pkg/notes/manager.go:426.25,427.66 1 1
cheat-go/pkg/notes/manager.go:427.66,429.4 1 0
cheat-go/pkg/notes/manager.go:432.2,442.20 3 1
cheat-go/pkg/notes/manager.go:445.88,449.20 3 1
cheat-go/pkg/notes/manager.go:450.17,452.13 1 1
cheat-go/pkg/notes/manager.go:453.18,455.67 1 1
cheat-go/pkg/notes/manager.go:456.13,459.54 2 1
cheat-go/pkg/notes/manager.go:460.10,461.47 1 0
cheat-go/pkg/notes/manager.go:465.64,466.37 1 0
cheat-go/pkg/notes/manager.go:466.37,468.66 2 0
cheat-go/pkg/notes/manager.go:468.66,470.4 1 0
cheat-go/pkg/notes/manager.go:472.2,472.12 1 0
cheat-go/pkg/notes/manager.go:475.56,479.30 3 1
cheat-go/pkg/notes/manager.go:479.30,481.3 1 1
cheat-go/pkg/notes/manager.go:483.2,483.34 1 1
cheat-go/pkg/notes/manager.go:483.34,484.60 1 1
cheat-go/pkg/notes/manager.go:484.60,485.51 1 1
cheat-go/pkg/notes/manager.go:485.51,492.5 1 1
cheat-go/pkg/notes/manager.go:496.2,496.18 1 1
cheat-go/pkg/notes/manager.go:499.44,513.45 2 1
cheat-go/pkg/notes/manager.go:513.45,517.3 3 1
cheat-go/pkg/notes/manager.go:519.2,519.15 1 1
cheat-go/pkg/notes/manager.go:522.49,524.28 2 1
cheat-go/pkg/notes/manager.go:524.28,526.3 1 0
cheat-go/pkg/notes/manager.go:527.2,527.29 1 1
cheat-go/pkg/notes/manager.go:527.29,529.3 1 0
cheat-go/pkg/notes/manager.go:531.2,532.26 2 1
cheat-go/pkg/notes/manager.go:532.26,534.3 1 0
cheat-go/pkg/notes/manager.go:535.2,536.15 2 1
cheat-go/pkg/notes/manager.go:539.68,542.26 2 1
cheat-go/pkg/notes/manager.go:542.26,544.3 1 0
cheat-go/pkg/notes/manager.go:545.2,545.27 1 1
cheat-go/pkg/notes/manager.go:545.27,546.48 1 0
cheat-go/pkg/notes/manager.go:546.48,548.4 1 0
cheat-go/pkg/notes/manager.go:551.2,552.32 2 1
cheat-go/pkg/notes/manager.go:552.32,554.3 1 0
cheat-go/pkg/notes/manager.go:556.2,556.15 1 1
cheat-go/pkg/notes/manager.go:559.60,560.71 1 0
cheat-go/pkg/notes/manager.go:560.71,562.3 1 0
cheat-go/pkg/notes/manager.go:563.2,563.19 1 0
