mode: set
cheat-go/pkg/online/client.go:30.48,41.2 1 1
cheat-go/pkg/online/client.go:43.62,45.84 2 1
cheat-go/pkg/online/client.go:45.84,49.3 3 0
cheat-go/pkg/online/client.go:50.2,53.16 3 1
cheat-go/pkg/online/client.go:53.16,55.3 1 1
cheat-go/pkg/online/client.go:56.2,58.38 2 1
cheat-go/pkg/online/client.go:58.38,60.3 1 1
cheat-go/pkg/online/client.go:62.2,63.66 2 1
cheat-go/pkg/online/client.go:63.66,65.3 1 1
cheat-go/pkg/online/client.go:67.2,72.19 5 1
cheat-go/pkg/online/client.go:75.82,77.22 2 1
cheat-go/pkg/online/client.go:77.22,79.3 1 1
cheat-go/pkg/online/client.go:80.2,80.24 1 1
cheat-go/pkg/online/client.go:80.24,82.3 1 0
cheat-go/pkg/online/client.go:83.2,83.27 1 1
cheat-go/pkg/online/client.go:83.27,85.3 1 0
cheat-go/pkg/online/client.go:86.2,86.24 1 1
cheat-go/pkg/online/client.go:86.24,88.3 1 1
cheat-go/pkg/online/client.go:89.2,89.23 1 1
cheat-go/pkg/online/client.go:89.23,91.3 1 0
cheat-go/pkg/online/client.go:92.2,92.20 1 1
cheat-go/pkg/online/client.go:92.20,94.3 1 1
cheat-go/pkg/online/client.go:95.2,95.21 1 1
cheat-go/pkg/online/client.go:95.21,97.3 1 0
cheat-go/pkg/online/client.go:99.2,101.16 3 1
cheat-go/pkg/online/client.go:101.16,103.3 1 0
cheat-go/pkg/online/client.go:104.2,106.38 2 1
cheat-go/pkg/online/client.go:106.38,108.3 1 1
cheat-go/pkg/online/client.go:110.2,111.67 2 1
cheat-go/pkg/online/client.go:111.67,113.3 1 0
cheat-go/pkg/online/client.go:115.2,115.20 1 1
cheat-go/pkg/online/client.go:118.68,120.55 2 1
cheat-go/pkg/online/client.go:120.55,123.3 2 1
cheat-go/pkg/online/client.go:124.2,127.16 3 1
cheat-go/pkg/online/client.go:127.16,129.3 1 0
cheat-go/pkg/online/client.go:130.2,132.44 2 1
cheat-go/pkg/online/client.go:132.44,134.3 1 0
cheat-go/pkg/online/client.go:135.2,135.38 1 1
cheat-go/pkg/online/client.go:135.38,137.3 1 1
cheat-go/pkg/online/client.go:139.2,140.66 2 1
cheat-go/pkg/online/client.go:140.66,142.3 1 0
cheat-go/pkg/online/client.go:144.2,148.20 4 1
cheat-go/pkg/online/client.go:151.71,153.16 2 1
cheat-go/pkg/online/client.go:153.16,155.3 1 1
cheat-go/pkg/online/client.go:157.2,157.24 1 0
cheat-go/pkg/online/client.go:160.63,162.16 2 1
cheat-go/pkg/online/client.go:162.16,164.3 1 0
cheat-go/pkg/online/client.go:166.2,171.16 2 1
cheat-go/pkg/online/client.go:171.16,173.3 1 0
cheat-go/pkg/online/client.go:174.2,176.79 2 1
cheat-go/pkg/online/client.go:176.79,179.3 2 1
cheat-go/pkg/online/client.go:181.2,181.12 1 1
cheat-go/pkg/online/client.go:184.70,185.30 1 1
cheat-go/pkg/online/client.go:185.30,187.3 1 1
cheat-go/pkg/online/client.go:189.2,196.16 3 1
cheat-go/pkg/online/client.go:196.16,198.3 1 0
cheat-go/pkg/online/client.go:199.2,202.16 3 1
cheat-go/pkg/online/client.go:202.16,204.3 1 0
cheat-go/pkg/online/client.go:205.2,207.38 2 1
cheat-go/pkg/online/client.go:207.38,210.3 2 1
cheat-go/pkg/online/client.go:212.2,214.12 2 1
cheat-go/pkg/online/client.go:223.34,228.2 1 1
cheat-go/pkg/online/client.go:230.41,249.2 1 1
cheat-go/pkg/online/client.go:251.40,276.2 1 1
cheat-go/pkg/online/client.go:278.62,282.2 3 1
cheat-go/pkg/online/client.go:284.82,289.38 4 1
cheat-go/pkg/online/client.go:289.38,290.102 1 1
cheat-go/pkg/online/client.go:290.102,291.12 1 1
cheat-go/pkg/online/client.go:293.3,293.58 1 1
cheat-go/pkg/online/client.go:293.58,294.12 1 0
cheat-go/pkg/online/client.go:296.3,296.67 1 1
cheat-go/pkg/online/client.go:296.67,297.12 1 0
cheat-go/pkg/online/client.go:299.3,299.35 1 1
cheat-go/pkg/online/client.go:302.2,302.49 1 1
cheat-go/pkg/online/client.go:302.49,304.3 1 0
cheat-go/pkg/online/client.go:306.2,306.21 1 1
cheat-go/pkg/online/client.go:309.68,313.38 3 1
cheat-go/pkg/online/client.go:313.38,314.21 1 1
cheat-go/pkg/online/client.go:314.21,316.4 1 1
cheat-go/pkg/online/client.go:318.2,318.49 1 1
cheat-go/pkg/online/client.go:321.71,323.16 2 1
cheat-go/pkg/online/client.go:323.16,325.3 1 1
cheat-go/pkg/online/client.go:326.2,326.24 1 1
cheat-go/pkg/online/client.go:329.63,338.2 7 1
cheat-go/pkg/online/client.go:340.70,344.38 3 1
cheat-go/pkg/online/client.go:344.38,345.21 1 1
cheat-go/pkg/online/client.go:345.21,348.4 2 1
cheat-go/pkg/online/client.go:350.2,350.44 1 1
